app/build/intermediates/manifest_merge_blame_file/debug/manifest-merger-blame-debug-report.txt
1<?xml version="1.0" encoding="utf-8"?>
2<manifest xmlns:android="http://schemas.android.com/apk/res/android"
3    package="org.tensorflow.codelabs.objectdetection"
4    android:versionCode="1"
5    android:versionName="1.0" >
6
7    <uses-sdk
8        android:minSdkVersion="23"
8-->src\main\AndroidManifest.xml
9        android:targetSdkVersion="30" />
9-->src\main\AndroidManifest.xml
10
11    <uses-permission android:name="android.permission.READ_EXTERNAL_STORAGE" />
11-->src\main\AndroidManifest.xml:5:5-80
11-->src\main\AndroidManifest.xml:5:22-77
12    <uses-permission android:name="android.permission.INTERNET" />
12-->src\main\AndroidManifest.xml:6:5-67
12-->src\main\AndroidManifest.xml:6:22-64
13
14    <queries>
14-->src\main\AndroidManifest.xml:8:5-12:15
15        <intent>
15-->src\main\AndroidManifest.xml:9:9-11:18
16            <action android:name="android.media.action.IMAGE_CAPTURE" />
16-->src\main\AndroidManifest.xml:10:13-73
16-->src\main\AndroidManifest.xml:10:21-70
17        </intent>
18    </queries>
19
20    <uses-permission android:name="android.permission.WRITE_EXTERNAL_STORAGE" />
21    <uses-permission android:name="android.permission.READ_PHONE_STATE" />
22
23    <application
23-->src\main\AndroidManifest.xml:14:5-41:19
24        android:allowBackup="true"
24-->src\main\AndroidManifest.xml:15:9-35
25        android:appComponentFactory="androidx.core.app.CoreComponentFactory"
25-->[androidx.core:core:1.3.2] AndroidManifest.xml:24:18-86
26        android:debuggable="true"
27        android:extractNativeLibs="false"
28        android:icon="@mipmap/ic_launcher"
28-->src\main\AndroidManifest.xml:16:9-43
29        android:label="@string/app_name"
29-->src\main\AndroidManifest.xml:17:9-41
30        android:roundIcon="@mipmap/ic_launcher_round"
30-->src\main\AndroidManifest.xml:18:9-54
31        android:supportsRtl="true"
31-->src\main\AndroidManifest.xml:19:9-35
32        android:testOnly="true"
33        android:theme="@style/Theme.ObjectDetection" >
33-->src\main\AndroidManifest.xml:20:9-53
34        <activity
34-->src\main\AndroidManifest.xml:21:9-23:40
35            android:name="org.tensorflow.codelabs.objectdetection.DetailInformation"
35-->src\main\AndroidManifest.xml:22:13-46
36            android:exported="false" />
36-->src\main\AndroidManifest.xml:23:13-37
37        <activity android:name="org.tensorflow.codelabs.objectdetection.MainActivity" >
37-->src\main\AndroidManifest.xml:24:9-30:20
37-->src\main\AndroidManifest.xml:24:19-47
38            <intent-filter>
38-->src\main\AndroidManifest.xml:25:13-29:29
39                <action android:name="android.intent.action.MAIN" />
39-->src\main\AndroidManifest.xml:26:17-69
39-->src\main\AndroidManifest.xml:26:25-66
40
41                <category android:name="android.intent.category.LAUNCHER" />
41-->src\main\AndroidManifest.xml:28:17-77
41-->src\main\AndroidManifest.xml:28:27-74
42            </intent-filter>
43        </activity>
44
45        <provider
45-->src\main\AndroidManifest.xml:32:9-40:20
46            android:name="androidx.core.content.FileProvider"
46-->src\main\AndroidManifest.xml:33:13-62
47            android:authorities="org.tensorflow.codelabs.objectdetection.fileprovider"
47-->src\main\AndroidManifest.xml:34:13-87
48            android:exported="false"
48-->src\main\AndroidManifest.xml:35:13-37
49            android:grantUriPermissions="true" >
49-->src\main\AndroidManifest.xml:36:13-47
50            <meta-data
50-->src\main\AndroidManifest.xml:37:13-39:54
51                android:name="android.support.FILE_PROVIDER_PATHS"
51-->src\main\AndroidManifest.xml:38:17-67
52                android:resource="@xml/file_paths" />
52-->src\main\AndroidManifest.xml:39:17-51
53        </provider>
54    </application>
55
56</manifest>